<?xml version="1.0" encoding="UTF-8"?>
<testsuite xmlns:xsi="http://www.w3.org/2001/XMLSchema-instance" xsi:noNamespaceSchemaLocation="https://maven.apache.org/surefire/maven-surefire-plugin/xsd/surefire-test-report-3.0.xsd" version="3.0" name="TestSuite" time="8.915" tests="1" errors="0" skipped="0" failures="0">
  <properties>
[...]
</properties>
  <testcase name="checkName" classname="DemoqaTest.ui.elementsPageTest.TextBoxtTest" time="1.741">
    <system-err><![CDATA[SLF4J: Failed to load class "org.slf4j.impl.StaticLoggerBinder".
SLF4J: Defaulting to no-operation (NOP) logger implementation
SLF4J: See http://www.slf4j.org/codes.html#StaticLoggerBinder for further details.
1685198752808	geckodriver	INFO	Listening on 127.0.0.1:35588
1685198753196	mozrunner::runner	INFO	Running command: "C:\\Program Files\\Mozilla Firefox\\firefox.exe" "--marionette" "--remote-debugging-port" "30667" "--remote ... alhost:30667/,http://[::1]:30667/" "-no-remote" "-profile" "C:\\Users\\DMC_Nora\\AppData\\Local\\Temp\\rust_mozprofileQ9g6VI"
console.warn: services.settings: Ignoring preference override of remote settings server
console.warn: services.settings: Allow by setting MOZ_REMOTE_SETTINGS_DEVTOOLS=1 in the environment
1685198753521	Marionette	INFO	Marionette enabled
Dynamically enable window occlusion 0
1685198753524	Marionette	INFO	Listening on port 64112
WebDriver BiDi listening on ws://127.0.0.1:30667
Read port: 64112
1685198753730	RemoteAgent	WARN	TLS certificate errors will be ignored for this session
[ERROR glean_core] Error setting metrics feature config: Json(Error("EOF while parsing a value", line: 1, column: 0))
DevTools listening on ws://127.0.0.1:30667/devtools/browser/8ec7149d-8f6d-4f71-8fa6-fb8118d079b1
JavaScript error: , line 0: uncaught exception: undefined
JavaScript error: https://cdn.ad.plus/player/adplus.js, line 402: TypeError: g(...).setup is not a function
]]></system-err>
  </testcase>
</testsuite>