<?xml version="1.0" encoding="UTF-8"?>
<testng-results ignored="0" total="1" passed="1" failed="0" skipped="0">
  <reporter-output>
  </reporter-output>
  <suite started-at="2023-05-27T20:45:51 ALMT" name="All tests" finished-at="2023-05-27T20:45:59 ALMT" duration-ms="7277">
    <groups>
    </groups>
    <test started-at="2023-05-27T20:45:51 ALMT" name="Regression Tests" finished-at="2023-05-27T20:45:59 ALMT" duration-ms="7277">
      <class name="DemoqaTest.ui.elementsPageTest.TextBoxtTest">
        <test-method is-config="true" signature="setupSelenide()[pri:0, instance:DemoqaTest.ui.elementsPageTest.TextBoxtTest@7da635c0]" started-at="2023-05-27T20:45:51 ALMT" name="setupSelenide" finished-at="2023-05-27T20:45:57 ALMT" duration-ms="5471" status="PASS">
          <reporter-output>
          </reporter-output>
        </test-method> <!-- setupSelenide -->
        <test-method signature="checkName()[pri:0, instance:DemoqaTest.ui.elementsPageTest.TextBoxtTest@7da635c0]" started-at="2023-05-27T20:45:57 ALMT" name="checkName" finished-at="2023-05-27T20:45:58 ALMT" duration-ms="1593" status="PASS">
          <reporter-output>
          </reporter-output>
        </test-method> <!-- checkName -->
      </class> <!-- DemoqaTest.ui.elementsPageTest.TextBoxtTest -->
    </test> <!-- Regression Tests -->
  </suite> <!-- All tests -->
</testng-results>
